TLC2 Version 2026.04.09.014118 (rev: 389440f)
Running breadth-first search Model-Checking with fp 8 and seed 7932693267475971722 with 16 workers on 16 cores with 7282MB heap and 64MB offheap memory [pid: 73707] (Linux 6.8.0-110-generic amd64, Ubuntu 21.0.10 64bit, MSBDiskFPSet, DiskStateQueue).
Parsing file /home/neo/Documents/Rust/phase1/SBus_ori.tla
Parsing file /tmp/tlc-12710539858185023364/Naturals.tla (jar:file:/home/neo/Documents/Rust/phase1/tla2tools.jar!/tla2sany/StandardModules/Naturals.tla)
Parsing file /tmp/tlc-12710539858185023364/FiniteSets.tla (jar:file:/home/neo/Documents/Rust/phase1/tla2tools.jar!/tla2sany/StandardModules/FiniteSets.tla)
Parsing file /tmp/tlc-12710539858185023364/Sequences.tla (jar:file:/home/neo/Documents/Rust/phase1/tla2tools.jar!/tla2sany/StandardModules/Sequences.tla)
Parsing file /tmp/tlc-12710539858185023364/TLC.tla (jar:file:/home/neo/Documents/Rust/phase1/tla2tools.jar!/tla2sany/StandardModules/TLC.tla)
Parsing file /tmp/tlc-12710539858185023364/_TLCTrace.tla (jar:file:/home/neo/Documents/Rust/phase1/tla2tools.jar!/tla2sany/StandardModules/_TLCTrace.tla)
Parsing file /tmp/tlc-12710539858185023364/TLCExt.tla (jar:file:/home/neo/Documents/Rust/phase1/tla2tools.jar!/tla2sany/StandardModules/TLCExt.tla)
Parsing file /tmp/tlc-12710539858185023364/Integers.tla (jar:file:/home/neo/Documents/Rust/phase1/tla2tools.jar!/tla2sany/StandardModules/Integers.tla)
Semantic processing of module Naturals
Semantic processing of module Sequences
Semantic processing of module FiniteSets
Semantic processing of module TLC
Semantic processing of module Integers
Semantic processing of module TLCExt
Semantic processing of module _TLCTrace
Semantic processing of module SBus_ori
Linting of module TLCExt
Linting of module _TLCTrace
Linting of module SBus_ori
Starting... (2026-04-18 14:23:36)
Computing initial states...
Finished computing initial states: 1 distinct state generated at 2026-04-18 14:23:36.
Progress(13) at 2026-04-18 14:23:39: 1,170,724 states generated (1,170,724 s/min), 205,167 distinct states found (205,167 ds/min), 120,755 states left on queue.
Model checking completed. No error has been found.
  Estimates of the probability that TLC did not check all reachable states
  because two distinct states had the same fingerprint:
  calculated (optimistic):  val = 2.9E-6
  based on the actual fingerprints:  val = 4.4E-9
21961972 states generated, 2811301 distinct states found, 0 states left on queue.
The depth of the complete state graph search is 24.
The average outdegree of the complete state graph is 1 (minimum is 0, the maximum 12 and the 95th percentile is 4).
Finished in 42s at (2026-04-18 14:24:18)
